...found 9 targets...
...updating 4 targets...
gcc.compile.c++ libs/config/checks/architecture/bin/gcc-7.4.0/debug/32.o
libs/config/checks/architecture/32.cpp:9:36: error: size of array ‘test’ is negative
 int test[sizeof(void*) == 4? 1 : -1];
                                    ^

    "g++"   -fPIC -O0 -fno-inline -Wall -g     -c -o "libs/config/checks/architecture/bin/gcc-7.4.0/debug/32.o" "libs/config/checks/architecture/32.cpp"

...failed gcc.compile.c++ libs/config/checks/architecture/bin/gcc-7.4.0/debug/32.o...
...failed updating 1 target...
...updated 3 targets...
...found 2 targets...
...updating 1 target...
gcc.compile.c++ libs/config/checks/architecture/bin/gcc-7.4.0/debug/64.o
...updated 1 target...
...found 2 targets...
...updating 1 target...
gcc.compile.c++ libs/config/checks/architecture/bin/gcc-7.4.0/debug/arm.o
libs/config/checks/architecture/arm.cpp:13:2: error: #error "Not ARM"
 #error "Not ARM"
  ^~~~~

    "g++"   -fPIC -O0 -fno-inline -Wall -g     -c -o "libs/config/checks/architecture/bin/gcc-7.4.0/debug/arm.o" "libs/config/checks/architecture/arm.cpp"

...failed gcc.compile.c++ libs/config/checks/architecture/bin/gcc-7.4.0/debug/arm.o...
...failed updating 1 target...
...found 2 targets...
...updating 1 target...
gcc.compile.c++ libs/config/checks/architecture/bin/gcc-7.4.0/debug/mips1.o
libs/config/checks/architecture/mips1.cpp:10:2: error: #error "Not MIPS1"
 #error "Not MIPS1"
  ^~~~~

    "g++"   -fPIC -O0 -fno-inline -Wall -g     -c -o "libs/config/checks/architecture/bin/gcc-7.4.0/debug/mips1.o" "libs/config/checks/architecture/mips1.cpp"

...failed gcc.compile.c++ libs/config/checks/architecture/bin/gcc-7.4.0/debug/mips1.o...
...failed updating 1 target...
...found 2 targets...
...updating 1 target...
gcc.compile.c++ libs/config/checks/architecture/bin/gcc-7.4.0/debug/power.o
libs/config/checks/architecture/power.cpp:13:2: error: #error "Not PPC"
 #error "Not PPC"
  ^~~~~

    "g++"   -fPIC -O0 -fno-inline -Wall -g     -c -o "libs/config/checks/architecture/bin/gcc-7.4.0/debug/power.o" "libs/config/checks/architecture/power.cpp"

...failed gcc.compile.c++ libs/config/checks/architecture/bin/gcc-7.4.0/debug/power.o...
...failed updating 1 target...
...found 2 targets...
...updating 1 target...
gcc.compile.c++ libs/config/checks/architecture/bin/gcc-7.4.0/debug/sparc.o
libs/config/checks/architecture/sparc.cpp:10:2: error: #error "Not SPARC"
 #error "Not SPARC"
  ^~~~~

    "g++"   -fPIC -O0 -fno-inline -Wall -g     -c -o "libs/config/checks/architecture/bin/gcc-7.4.0/debug/sparc.o" "libs/config/checks/architecture/sparc.cpp"

...failed gcc.compile.c++ libs/config/checks/architecture/bin/gcc-7.4.0/debug/sparc.o...
...failed updating 1 target...
...found 2 targets...
...updating 1 target...
gcc.compile.c++ libs/config/checks/architecture/bin/gcc-7.4.0/debug/x86.o
...updated 1 target...
...found 107 targets...
...updating 9 targets...
gcc.compile.c++ bin.v2/libs/context/build/gcc-7.4.0/debug/threading-multi/visibility-hidden/cxx11_hdr_mutex_check.o
...updated 9 targets...
...patience...
...found 125 targets...
...updating 8 targets...
gcc.compile.c++ bin.v2/libs/thread/build/gcc-7.4.0/debug/threading-multi/visibility-hidden/has_atomic_flag_lockfree_test.o
gcc.link bin.v2/libs/thread/build/gcc-7.4.0/debug/threading-multi/visibility-hidden/has_atomic_flag_lockfree
...updated 8 targets...
...found 8 targets...
...updating 7 targets...
gcc.compile.c++ bin.v2/libs/config/checks/gcc-7.4.0/debug/threading-multi/visibility-hidden/cxx11_auto_declarations.o
...updated 7 targets...
...found 1 target...
...updating 1 target...
gcc.compile.c++ bin.v2/libs/config/checks/gcc-7.4.0/debug/threading-multi/visibility-hidden/cxx11_constexpr.o
...updated 1 target...
...found 1 target...
...updating 1 target...
gcc.compile.c++ bin.v2/libs/config/checks/gcc-7.4.0/debug/threading-multi/visibility-hidden/cxx11_defaulted_functions.o
...updated 1 target...
...found 1 target...
...updating 1 target...
gcc.compile.c++ bin.v2/libs/config/checks/gcc-7.4.0/debug/threading-multi/visibility-hidden/cxx11_final.o
...updated 1 target...
...found 1 target...
...updating 1 target...
gcc.compile.c++ bin.v2/libs/config/checks/gcc-7.4.0/debug/threading-multi/visibility-hidden/cxx11_hdr_mutex.o
...updated 1 target...
...found 1 target...
...updating 1 target...
gcc.compile.c++ bin.v2/libs/config/checks/gcc-7.4.0/debug/threading-multi/visibility-hidden/cxx11_hdr_tuple.o
...updated 1 target...
...found 1 target...
...updating 1 target...
gcc.compile.c++ bin.v2/libs/config/checks/gcc-7.4.0/debug/threading-multi/visibility-hidden/cxx11_lambdas.o
...updated 1 target...
...found 1 target...
...updating 1 target...
gcc.compile.c++ bin.v2/libs/config/checks/gcc-7.4.0/debug/threading-multi/visibility-hidden/cxx11_noexcept.o
...updated 1 target...
...found 1 target...
...updating 1 target...
gcc.compile.c++ bin.v2/libs/config/checks/gcc-7.4.0/debug/threading-multi/visibility-hidden/cxx11_nullptr.o
...updated 1 target...
...found 1 target...
...updating 1 target...
gcc.compile.c++ bin.v2/libs/config/checks/gcc-7.4.0/debug/threading-multi/visibility-hidden/cxx11_rvalue_references.o
...updated 1 target...
...found 1 target...
...updating 1 target...
gcc.compile.c++ bin.v2/libs/config/checks/gcc-7.4.0/debug/threading-multi/visibility-hidden/cxx11_template_aliases.o
...updated 1 target...
...found 1 target...
...updating 1 target...
gcc.compile.c++ bin.v2/libs/config/checks/gcc-7.4.0/debug/threading-multi/visibility-hidden/cxx11_thread_local.o
...updated 1 target...
...found 1 target...
...updating 1 target...
gcc.compile.c++ bin.v2/libs/config/checks/gcc-7.4.0/debug/threading-multi/visibility-hidden/cxx11_variadic_templates.o
...updated 1 target...
...found 243 targets...
...updating 9 targets...
gcc.compile.c++ bin.v2/libs/regex/build/gcc-7.4.0/debug/threading-multi/visibility-hidden/has_icu_test.o
gcc.link bin.v2/libs/regex/build/gcc-7.4.0/debug/threading-multi/visibility-hidden/has_icu
testing.unit-test bin.v2/libs/regex/build/gcc-7.4.0/debug/threading-multi/visibility-hidden/has_icu.passed
945
...updated 9 targets...
...found 10 targets...
...updating 8 targets...
gcc.compile.c++ bin.v2/standalone/ac/gcc-7.4.0/release/threading-multi/visibility-hidden/zlib_h.o
...updated 8 targets...
...found 5 targets...
...updating 3 targets...
gcc.compile.c++ bin.v2/standalone/ac/gcc-7.4.0/release/threading-multi/visibility-hidden/main-z.o
gcc.link bin.v2/standalone/ac/gcc-7.4.0/release/threading-multi/visibility-hidden/z
...updated 3 targets...
...found 4 targets...
...updating 2 targets...
gcc.compile.c++ bin.v2/standalone/ac/gcc-7.4.0/release/threading-multi/visibility-hidden/bzlib_h.o
bin.v2/standalone/ac/bzlib_h.cpp:1:10: fatal error: bzlib.h: Datei oder Verzeichnis nicht gefunden
 #include <bzlib.h>
          ^~~~~~~~~
compilation terminated.

    "g++"   -fvisibility-inlines-hidden -fPIC -m64 -pthread -O3 -finline-functions -Wno-inline -Wall -fvisibility=hidden  -DNDEBUG   -c -o "bin.v2/standalone/ac/gcc-7.4.0/release/threading-multi/visibility-hidden/bzlib_h.o" "bin.v2/standalone/ac/bzlib_h.cpp"

...failed gcc.compile.c++ bin.v2/standalone/ac/gcc-7.4.0/release/threading-multi/visibility-hidden/bzlib_h.o...
...failed updating 1 target...
...updated 1 target...
...found 5 targets...
...updating 3 targets...
gcc.compile.c++ bin.v2/standalone/ac/gcc-7.4.0/release/threading-multi/visibility-hidden/main-bz2.o
gcc.link bin.v2/standalone/ac/gcc-7.4.0/release/threading-multi/visibility-hidden/bz2
/usr/bin/ld: -lbz2 kann nicht gefunden werden
collect2: error: ld returned 1 exit status

    "g++"    -o "bin.v2/standalone/ac/gcc-7.4.0/release/threading-multi/visibility-hidden/bz2" -Wl,--start-group "bin.v2/standalone/ac/gcc-7.4.0/release/threading-multi/visibility-hidden/main-bz2.o"  -Wl,-Bstatic  -Wl,-Bdynamic -lrt -lbz2 -Wl,--end-group -fPIC -m64 -pthread -fvisibility=hidden -fvisibility-inlines-hidden 

...failed gcc.link bin.v2/standalone/ac/gcc-7.4.0/release/threading-multi/visibility-hidden/bz2...
...failed updating 1 target...
...updated 2 targets...
...found 5 targets...
...updating 5 targets...
gcc.compile.c++ bin.v2/standalone/ac/gcc-7.4.0/release/link-static/threading-multi/visibility-hidden/main-bz2.o
gcc.link bin.v2/standalone/ac/gcc-7.4.0/release/link-static/threading-multi/visibility-hidden/bz2
/usr/bin/ld: -lbz2 kann nicht gefunden werden
collect2: error: ld returned 1 exit status

    "g++"    -o "bin.v2/standalone/ac/gcc-7.4.0/release/link-static/threading-multi/visibility-hidden/bz2" -Wl,--start-group "bin.v2/standalone/ac/gcc-7.4.0/release/link-static/threading-multi/visibility-hidden/main-bz2.o"  -Wl,-Bstatic -lbz2 -Wl,-Bdynamic -lrt -Wl,--end-group -m64 -pthread -fvisibility=hidden -fvisibility-inlines-hidden 

...failed gcc.link bin.v2/standalone/ac/gcc-7.4.0/release/link-static/threading-multi/visibility-hidden/bz2...
...failed updating 1 target...
...updated 4 targets...
...found 4 targets...
...updating 2 targets...
gcc.compile.c++ bin.v2/standalone/ac/gcc-7.4.0/release/threading-multi/visibility-hidden/lzma_h.o
bin.v2/standalone/ac/lzma_h.cpp:1:10: fatal error: lzma.h: Datei oder Verzeichnis nicht gefunden
 #include <lzma.h>
          ^~~~~~~~
compilation terminated.

    "g++"   -fvisibility-inlines-hidden -fPIC -m64 -pthread -O3 -finline-functions -Wno-inline -Wall -fvisibility=hidden  -DNDEBUG   -c -o "bin.v2/standalone/ac/gcc-7.4.0/release/threading-multi/visibility-hidden/lzma_h.o" "bin.v2/standalone/ac/lzma_h.cpp"

...failed gcc.compile.c++ bin.v2/standalone/ac/gcc-7.4.0/release/threading-multi/visibility-hidden/lzma_h.o...
...failed updating 1 target...
...updated 1 target...
...found 5 targets...
...updating 3 targets...
gcc.compile.c++ bin.v2/standalone/ac/gcc-7.4.0/release/threading-multi/visibility-hidden/main-lzma.o
gcc.link bin.v2/standalone/ac/gcc-7.4.0/release/threading-multi/visibility-hidden/lzma
/usr/bin/ld: -llzma kann nicht gefunden werden
collect2: error: ld returned 1 exit status

    "g++"    -o "bin.v2/standalone/ac/gcc-7.4.0/release/threading-multi/visibility-hidden/lzma" -Wl,--start-group "bin.v2/standalone/ac/gcc-7.4.0/release/threading-multi/visibility-hidden/main-lzma.o"  -Wl,-Bstatic  -Wl,-Bdynamic -lrt -llzma -Wl,--end-group -fPIC -m64 -pthread -fvisibility=hidden -fvisibility-inlines-hidden 

...failed gcc.link bin.v2/standalone/ac/gcc-7.4.0/release/threading-multi/visibility-hidden/lzma...
...failed updating 1 target...
...updated 2 targets...
...found 5 targets...
...updating 3 targets...
gcc.compile.c++ bin.v2/standalone/ac/gcc-7.4.0/release/threading-multi/visibility-hidden/main-liblzma.o
gcc.link bin.v2/standalone/ac/gcc-7.4.0/release/threading-multi/visibility-hidden/liblzma
/usr/bin/ld: -lliblzma kann nicht gefunden werden
collect2: error: ld returned 1 exit status

    "g++"    -o "bin.v2/standalone/ac/gcc-7.4.0/release/threading-multi/visibility-hidden/liblzma" -Wl,--start-group "bin.v2/standalone/ac/gcc-7.4.0/release/threading-multi/visibility-hidden/main-liblzma.o"  -Wl,-Bstatic  -Wl,-Bdynamic -lrt -lliblzma -Wl,--end-group -fPIC -m64 -pthread -fvisibility=hidden -fvisibility-inlines-hidden 

...failed gcc.link bin.v2/standalone/ac/gcc-7.4.0/release/threading-multi/visibility-hidden/liblzma...
...failed updating 1 target...
...updated 2 targets...
...found 2 targets...
...updating 2 targets...
gcc.compile.c++ bin.v2/standalone/ac/gcc-7.4.0/release/link-static/threading-multi/visibility-hidden/main-lzma.o
gcc.link bin.v2/standalone/ac/gcc-7.4.0/release/link-static/threading-multi/visibility-hidden/lzma
/usr/bin/ld: -llzma kann nicht gefunden werden
collect2: error: ld returned 1 exit status

    "g++"    -o "bin.v2/standalone/ac/gcc-7.4.0/release/link-static/threading-multi/visibility-hidden/lzma" -Wl,--start-group "bin.v2/standalone/ac/gcc-7.4.0/release/link-static/threading-multi/visibility-hidden/main-lzma.o"  -Wl,-Bstatic -llzma -Wl,-Bdynamic -lrt -Wl,--end-group -m64 -pthread -fvisibility=hidden -fvisibility-inlines-hidden 

...failed gcc.link bin.v2/standalone/ac/gcc-7.4.0/release/link-static/threading-multi/visibility-hidden/lzma...
...failed updating 1 target...
...updated 1 target...
...found 2 targets...
...updating 2 targets...
gcc.compile.c++ bin.v2/standalone/ac/gcc-7.4.0/release/link-static/threading-multi/visibility-hidden/main-liblzma.o
gcc.link bin.v2/standalone/ac/gcc-7.4.0/release/link-static/threading-multi/visibility-hidden/liblzma
/usr/bin/ld: -lliblzma kann nicht gefunden werden
collect2: error: ld returned 1 exit status

    "g++"    -o "bin.v2/standalone/ac/gcc-7.4.0/release/link-static/threading-multi/visibility-hidden/liblzma" -Wl,--start-group "bin.v2/standalone/ac/gcc-7.4.0/release/link-static/threading-multi/visibility-hidden/main-liblzma.o"  -Wl,-Bstatic -lliblzma -Wl,-Bdynamic -lrt -Wl,--end-group -m64 -pthread -fvisibility=hidden -fvisibility-inlines-hidden 

...failed gcc.link bin.v2/standalone/ac/gcc-7.4.0/release/link-static/threading-multi/visibility-hidden/liblzma...
...failed updating 1 target...
...updated 1 target...
...found 4 targets...
...updating 2 targets...
gcc.compile.c++ bin.v2/standalone/ac/gcc-7.4.0/release/threading-multi/visibility-hidden/zstd_h.o
bin.v2/standalone/ac/zstd_h.cpp:1:10: fatal error: zstd.h: Datei oder Verzeichnis nicht gefunden
 #include <zstd.h>
          ^~~~~~~~
compilation terminated.

    "g++"   -fvisibility-inlines-hidden -fPIC -m64 -pthread -O3 -finline-functions -Wno-inline -Wall -fvisibility=hidden  -DNDEBUG   -c -o "bin.v2/standalone/ac/gcc-7.4.0/release/threading-multi/visibility-hidden/zstd_h.o" "bin.v2/standalone/ac/zstd_h.cpp"

...failed gcc.compile.c++ bin.v2/standalone/ac/gcc-7.4.0/release/threading-multi/visibility-hidden/zstd_h.o...
...failed updating 1 target...
...updated 1 target...
...found 5 targets...
...updating 3 targets...
gcc.compile.c++ bin.v2/standalone/ac/gcc-7.4.0/release/threading-multi/visibility-hidden/main-zstd.o
gcc.link bin.v2/standalone/ac/gcc-7.4.0/release/threading-multi/visibility-hidden/zstd
/usr/bin/ld: -lzstd kann nicht gefunden werden
collect2: error: ld returned 1 exit status

    "g++"    -o "bin.v2/standalone/ac/gcc-7.4.0/release/threading-multi/visibility-hidden/zstd" -Wl,--start-group "bin.v2/standalone/ac/gcc-7.4.0/release/threading-multi/visibility-hidden/main-zstd.o"  -Wl,-Bstatic  -Wl,-Bdynamic -lrt -lzstd -Wl,--end-group -fPIC -m64 -pthread -fvisibility=hidden -fvisibility-inlines-hidden 

...failed gcc.link bin.v2/standalone/ac/gcc-7.4.0/release/threading-multi/visibility-hidden/zstd...
...failed updating 1 target...
...updated 2 targets...
...found 5 targets...
...updating 3 targets...
gcc.compile.c++ bin.v2/standalone/ac/gcc-7.4.0/release/threading-multi/visibility-hidden/main-zstd_static.o
gcc.link bin.v2/standalone/ac/gcc-7.4.0/release/threading-multi/visibility-hidden/zstd_static
/usr/bin/ld: -lzstd_static kann nicht gefunden werden
collect2: error: ld returned 1 exit status

    "g++"    -o "bin.v2/standalone/ac/gcc-7.4.0/release/threading-multi/visibility-hidden/zstd_static" -Wl,--start-group "bin.v2/standalone/ac/gcc-7.4.0/release/threading-multi/visibility-hidden/main-zstd_static.o"  -Wl,-Bstatic  -Wl,-Bdynamic -lrt -lzstd_static -Wl,--end-group -fPIC -m64 -pthread -fvisibility=hidden -fvisibility-inlines-hidden 

...failed gcc.link bin.v2/standalone/ac/gcc-7.4.0/release/threading-multi/visibility-hidden/zstd_static...
...failed updating 1 target...
...updated 2 targets...
...found 5 targets...
...updating 3 targets...
gcc.compile.c++ bin.v2/standalone/ac/gcc-7.4.0/release/threading-multi/visibility-hidden/main-libzstd.o
gcc.link bin.v2/standalone/ac/gcc-7.4.0/release/threading-multi/visibility-hidden/libzstd
/usr/bin/ld: -llibzstd kann nicht gefunden werden
collect2: error: ld returned 1 exit status

    "g++"    -o "bin.v2/standalone/ac/gcc-7.4.0/release/threading-multi/visibility-hidden/libzstd" -Wl,--start-group "bin.v2/standalone/ac/gcc-7.4.0/release/threading-multi/visibility-hidden/main-libzstd.o"  -Wl,-Bstatic  -Wl,-Bdynamic -lrt -llibzstd -Wl,--end-group -fPIC -m64 -pthread -fvisibility=hidden -fvisibility-inlines-hidden 

...failed gcc.link bin.v2/standalone/ac/gcc-7.4.0/release/threading-multi/visibility-hidden/libzstd...
...failed updating 1 target...
...updated 2 targets...
...found 5 targets...
...updating 3 targets...
gcc.compile.c++ bin.v2/standalone/ac/gcc-7.4.0/release/threading-multi/visibility-hidden/main-libzstd_static.o
gcc.link bin.v2/standalone/ac/gcc-7.4.0/release/threading-multi/visibility-hidden/libzstd_static
/usr/bin/ld: -llibzstd_static kann nicht gefunden werden
collect2: error: ld returned 1 exit status

    "g++"    -o "bin.v2/standalone/ac/gcc-7.4.0/release/threading-multi/visibility-hidden/libzstd_static" -Wl,--start-group "bin.v2/standalone/ac/gcc-7.4.0/release/threading-multi/visibility-hidden/main-libzstd_static.o"  -Wl,-Bstatic  -Wl,-Bdynamic -lrt -llibzstd_static -Wl,--end-group -fPIC -m64 -pthread -fvisibility=hidden -fvisibility-inlines-hidden 

...failed gcc.link bin.v2/standalone/ac/gcc-7.4.0/release/threading-multi/visibility-hidden/libzstd_static...
...failed updating 1 target...
...updated 2 targets...
...found 2 targets...
...updating 2 targets...
gcc.compile.c++ bin.v2/standalone/ac/gcc-7.4.0/release/link-static/threading-multi/visibility-hidden/main-zstd.o
gcc.link bin.v2/standalone/ac/gcc-7.4.0/release/link-static/threading-multi/visibility-hidden/zstd
/usr/bin/ld: -lzstd kann nicht gefunden werden
collect2: error: ld returned 1 exit status

    "g++"    -o "bin.v2/standalone/ac/gcc-7.4.0/release/link-static/threading-multi/visibility-hidden/zstd" -Wl,--start-group "bin.v2/standalone/ac/gcc-7.4.0/release/link-static/threading-multi/visibility-hidden/main-zstd.o"  -Wl,-Bstatic -lzstd -Wl,-Bdynamic -lrt -Wl,--end-group -m64 -pthread -fvisibility=hidden -fvisibility-inlines-hidden 

...failed gcc.link bin.v2/standalone/ac/gcc-7.4.0/release/link-static/threading-multi/visibility-hidden/zstd...
...failed updating 1 target...
...updated 1 target...
...found 2 targets...
...updating 2 targets...
gcc.compile.c++ bin.v2/standalone/ac/gcc-7.4.0/release/link-static/threading-multi/visibility-hidden/main-zstd_static.o
gcc.link bin.v2/standalone/ac/gcc-7.4.0/release/link-static/threading-multi/visibility-hidden/zstd_static
/usr/bin/ld: -lzstd_static kann nicht gefunden werden
collect2: error: ld returned 1 exit status

    "g++"    -o "bin.v2/standalone/ac/gcc-7.4.0/release/link-static/threading-multi/visibility-hidden/zstd_static" -Wl,--start-group "bin.v2/standalone/ac/gcc-7.4.0/release/link-static/threading-multi/visibility-hidden/main-zstd_static.o"  -Wl,-Bstatic -lzstd_static -Wl,-Bdynamic -lrt -Wl,--end-group -m64 -pthread -fvisibility=hidden -fvisibility-inlines-hidden 

...failed gcc.link bin.v2/standalone/ac/gcc-7.4.0/release/link-static/threading-multi/visibility-hidden/zstd_static...
...failed updating 1 target...
...updated 1 target...
...found 2 targets...
...updating 2 targets...
gcc.compile.c++ bin.v2/standalone/ac/gcc-7.4.0/release/link-static/threading-multi/visibility-hidden/main-libzstd.o
gcc.link bin.v2/standalone/ac/gcc-7.4.0/release/link-static/threading-multi/visibility-hidden/libzstd
/usr/bin/ld: -llibzstd kann nicht gefunden werden
collect2: error: ld returned 1 exit status

    "g++"    -o "bin.v2/standalone/ac/gcc-7.4.0/release/link-static/threading-multi/visibility-hidden/libzstd" -Wl,--start-group "bin.v2/standalone/ac/gcc-7.4.0/release/link-static/threading-multi/visibility-hidden/main-libzstd.o"  -Wl,-Bstatic -llibzstd -Wl,-Bdynamic -lrt -Wl,--end-group -m64 -pthread -fvisibility=hidden -fvisibility-inlines-hidden 

...failed gcc.link bin.v2/standalone/ac/gcc-7.4.0/release/link-static/threading-multi/visibility-hidden/libzstd...
...failed updating 1 target...
...updated 1 target...
...found 2 targets...
...updating 2 targets...
gcc.compile.c++ bin.v2/standalone/ac/gcc-7.4.0/release/link-static/threading-multi/visibility-hidden/main-libzstd_static.o
gcc.link bin.v2/standalone/ac/gcc-7.4.0/release/link-static/threading-multi/visibility-hidden/libzstd_static
/usr/bin/ld: -llibzstd_static kann nicht gefunden werden
collect2: error: ld returned 1 exit status

    "g++"    -o "bin.v2/standalone/ac/gcc-7.4.0/release/link-static/threading-multi/visibility-hidden/libzstd_static" -Wl,--start-group "bin.v2/standalone/ac/gcc-7.4.0/release/link-static/threading-multi/visibility-hidden/main-libzstd_static.o"  -Wl,-Bstatic -llibzstd_static -Wl,-Bdynamic -lrt -Wl,--end-group -m64 -pthread -fvisibility=hidden -fvisibility-inlines-hidden 

...failed gcc.link bin.v2/standalone/ac/gcc-7.4.0/release/link-static/threading-multi/visibility-hidden/libzstd_static...
...failed updating 1 target...
...updated 1 target...
...found 10 targets...
...updating 8 targets...
gcc.compile.c++ bin.v2/libs/locale/build/gcc-7.4.0/debug/threading-multi/visibility-hidden/has_iconv_libc_obj.o
gcc.link bin.v2/libs/locale/build/gcc-7.4.0/debug/threading-multi/visibility-hidden/has_iconv
...updated 8 targets...
...found 8 targets...
...updating 2 targets...
gcc.compile.c++ bin.v2/libs/locale/build/gcc-7.4.0/debug/threading-multi/visibility-hidden/has_icu_obj.o
libs/locale/src/../build/has_icu_test.cpp: In function ‘int main()’:
libs/locale/src/../build/has_icu_test.cpp:26:12: warning: unused variable ‘c’ [-Wunused-variable]
    UChar32 c = ::u_charFromName(U_UNICODE_CHAR_NAME, "GREEK SMALL LETTER ALPHA", &err);
            ^
gcc.link bin.v2/libs/locale/build/gcc-7.4.0/debug/threading-multi/visibility-hidden/has_icu
...updated 2 targets...
...found 11 targets...
...updating 9 targets...
gcc.compile.c++ bin.v2/libs/log/config/atomic-int32/gcc-7.4.0/debug/pch-off/threading-multi/visibility-hidden/atomic_int32.o
...updated 9 targets...
...found 9 targets...
...updating 7 targets...
gcc.compile.c++ bin.v2/libs/log/config/native-syslog/gcc-7.4.0/debug/pch-off/threading-multi/visibility-hidden/native_syslog.o
...updated 7 targets...
...found 8 targets...
...updating 7 targets...
gcc.compile.c++ bin.v2/libs/log/config/pthread-mutex-robust/gcc-7.4.0/debug/pch-off/threading-multi/visibility-hidden/pthread_mutex_robust.o
...updated 7 targets...
...found 9 targets...
...updating 7 targets...
gcc.compile.c++ bin.v2/libs/log/config/x86-ext/gcc-7.4.0/debug/pch-off/threading-multi/visibility-hidden/ssse3.o
...updated 7 targets...
...found 3 targets...
...updating 1 target...
gcc.compile.c++ bin.v2/libs/log/config/x86-ext/gcc-7.4.0/debug/pch-off/threading-multi/visibility-hidden/avx2.o
...updated 1 target...
...found 8 targets...
...updating 7 targets...
gcc.compile.c++ bin.v2/libs/math/config/gcc-7.4.0/debug/threading-multi/visibility-hidden/has_gcc_visibility.o
...updated 7 targets...
...found 23 targets...
...updating 1 target...
gcc.compile.c++ bin.v2/libs/math/config/gcc-7.4.0/debug/threading-multi/visibility-hidden/has_long_double_support.o
...updated 1 target...
...found 12 targets...
...updating 9 targets...
gcc.compile.c++ bin.v2/libs/stacktrace/build/gcc-7.4.0/debug/threading-multi/visibility-hidden/has_backtrace.o
gcc.link bin.v2/libs/stacktrace/build/gcc-7.4.0/debug/threading-multi/visibility-hidden/libbacktrace_exe
Jamfile</home/matthias/Entwicklung/winmerge-qt/ext/boost_1_70_0/libs/stacktrace/build>.mp_simple_run_action bin.v2/libs/stacktrace/build/gcc-7.4.0/debug/threading-multi/visibility-hidden/libbacktrace.output
...updated 9 targets...
...found 5 targets...
...updating 3 targets...
gcc.compile.c++ bin.v2/libs/stacktrace/build/gcc-7.4.0/debug/threading-multi/visibility-hidden/has_addr2line.o
gcc.link bin.v2/libs/stacktrace/build/gcc-7.4.0/debug/threading-multi/visibility-hidden/addr2line_exe
Jamfile</home/matthias/Entwicklung/winmerge-qt/ext/boost_1_70_0/libs/stacktrace/build>.mp_simple_run_action bin.v2/libs/stacktrace/build/gcc-7.4.0/debug/threading-multi/visibility-hidden/addr2line.output
...updated 3 targets...
...found 6 targets...
...updating 3 targets...
gcc.compile.c++ bin.v2/libs/stacktrace/build/gcc-7.4.0/debug/threading-multi/visibility-hidden/has_windbg.o
libs/stacktrace/build/has_windbg.cpp:8:10: fatal error: windows.h: Datei oder Verzeichnis nicht gefunden
 #include <windows.h>
          ^~~~~~~~~~~
compilation terminated.

    "g++"   -fvisibility-inlines-hidden -fPIC -m64 -pthread -O0 -fno-inline -Wall -g -fvisibility=hidden  -DBOOST_ALL_NO_LIB=1  -I"." -c -o "bin.v2/libs/stacktrace/build/gcc-7.4.0/debug/threading-multi/visibility-hidden/has_windbg.o" "libs/stacktrace/build/has_windbg.cpp"

...failed gcc.compile.c++ bin.v2/libs/stacktrace/build/gcc-7.4.0/debug/threading-multi/visibility-hidden/has_windbg.o...
...skipped <pbin.v2/libs/stacktrace/build/gcc-7.4.0/debug/threading-multi/visibility-hidden>WinDbg_exe for lack of <pbin.v2/libs/stacktrace/build/gcc-7.4.0/debug/threading-multi/visibility-hidden>has_windbg.o...
...skipped <pbin.v2/libs/stacktrace/build/gcc-7.4.0/debug/threading-multi/visibility-hidden>WinDbg.output for lack of <pbin.v2/libs/stacktrace/build/gcc-7.4.0/debug/threading-multi/visibility-hidden>WinDbg_exe...
...failed updating 1 target...
...skipped 2 targets...
...found 4 targets...
...updating 3 targets...
gcc.compile.c++ bin.v2/libs/stacktrace/build/gcc-7.4.0/debug/threading-multi/visibility-hidden/has_windbg_cached.o
libs/stacktrace/build/has_windbg_cached.cpp:11:10: fatal error: windows.h: Datei oder Verzeichnis nicht gefunden
 #include <windows.h>
          ^~~~~~~~~~~
compilation terminated.

    "g++"   -fvisibility-inlines-hidden -fPIC -m64 -pthread -O0 -fno-inline -Wall -g -fvisibility=hidden  -DBOOST_ALL_NO_LIB=1  -I"." -c -o "bin.v2/libs/stacktrace/build/gcc-7.4.0/debug/threading-multi/visibility-hidden/has_windbg_cached.o" "libs/stacktrace/build/has_windbg_cached.cpp"

...failed gcc.compile.c++ bin.v2/libs/stacktrace/build/gcc-7.4.0/debug/threading-multi/visibility-hidden/has_windbg_cached.o...
...skipped <pbin.v2/libs/stacktrace/build/gcc-7.4.0/debug/threading-multi/visibility-hidden>WinDbgCached_exe for lack of <pbin.v2/libs/stacktrace/build/gcc-7.4.0/debug/threading-multi/visibility-hidden>has_windbg_cached.o...
...skipped <pbin.v2/libs/stacktrace/build/gcc-7.4.0/debug/threading-multi/visibility-hidden>WinDbgCached.output for lack of <pbin.v2/libs/stacktrace/build/gcc-7.4.0/debug/threading-multi/visibility-hidden>WinDbgCached_exe...
...failed updating 1 target...
...skipped 2 targets...
...found 164 targets...
...updating 7 targets...
gcc.compile.c++ bin.v2/check/predef/gcc-7.4.0/debug/address-model-64/architecture-x86/predef_check_cc_09a06289f4560e2f553bb0cbbec71436.o
In file included from /home/matthias/Entwicklung/winmerge-qt/ext/boost_1_70_0/libs/predef/tools/check/predef_check_cc_as_cpp.cpp:7:0:
/home/matthias/Entwicklung/winmerge-qt/ext/boost_1_70_0/libs/predef/tools/check/predef_check_cc.h:7:10: fatal error: boost/predef.h: Datei oder Verzeichnis nicht gefunden
 #include <boost/predef.h>
          ^~~~~~~~~~~~~~~~
compilation terminated.

    "g++"   -fPIC -m64 -O0 -fno-inline -Wall -g  -DCHECK="BOOST_COMP_GNUC >= BOOST_VERSION_NUMBER(4,3,0)"  -I"/home/matthias/Entwicklung/winmerge-qt/ext/boost_1_70_0/libs/predef/include" -c -o "bin.v2/check/predef/gcc-7.4.0/debug/address-model-64/architecture-x86/predef_check_cc_09a06289f4560e2f553bb0cbbec71436.o" "/home/matthias/Entwicklung/winmerge-qt/ext/boost_1_70_0/libs/predef/tools/check/predef_check_cc_as_cpp.cpp"

...failed gcc.compile.c++ bin.v2/check/predef/gcc-7.4.0/debug/address-model-64/architecture-x86/predef_check_cc_09a06289f4560e2f553bb0cbbec71436.o...
...failed updating 1 target...
...updated 6 targets...
...found 1 target...
...updating 1 target...
gcc.compile.c++ bin.v2/standalone/ac/gcc-7.4.0/release/link-static/threading-multi/visibility-hidden/zlib_h.o
...updated 1 target...
...found 2 targets...
...updating 2 targets...
gcc.compile.c++ bin.v2/standalone/ac/gcc-7.4.0/release/link-static/threading-multi/visibility-hidden/main-z.o
gcc.link bin.v2/standalone/ac/gcc-7.4.0/release/link-static/threading-multi/visibility-hidden/z
...updated 2 targets...
...found 1 target...
...updating 1 target...
gcc.compile.c++ bin.v2/standalone/ac/gcc-7.4.0/release/link-static/threading-multi/visibility-hidden/bzlib_h.o
bin.v2/standalone/ac/bzlib_h.cpp:1:10: fatal error: bzlib.h: Datei oder Verzeichnis nicht gefunden
 #include <bzlib.h>
          ^~~~~~~~~
compilation terminated.

    "g++"   -fvisibility-inlines-hidden -m64 -pthread -O3 -finline-functions -Wno-inline -Wall -fvisibility=hidden  -DNDEBUG   -c -o "bin.v2/standalone/ac/gcc-7.4.0/release/link-static/threading-multi/visibility-hidden/bzlib_h.o" "bin.v2/standalone/ac/bzlib_h.cpp"

...failed gcc.compile.c++ bin.v2/standalone/ac/gcc-7.4.0/release/link-static/threading-multi/visibility-hidden/bzlib_h.o...
...failed updating 1 target...
...found 1 target...
...updating 1 target...
gcc.compile.c++ bin.v2/standalone/ac/gcc-7.4.0/release/link-static/threading-multi/visibility-hidden/lzma_h.o
bin.v2/standalone/ac/lzma_h.cpp:1:10: fatal error: lzma.h: Datei oder Verzeichnis nicht gefunden
 #include <lzma.h>
          ^~~~~~~~
compilation terminated.

    "g++"   -fvisibility-inlines-hidden -m64 -pthread -O3 -finline-functions -Wno-inline -Wall -fvisibility=hidden  -DNDEBUG   -c -o "bin.v2/standalone/ac/gcc-7.4.0/release/link-static/threading-multi/visibility-hidden/lzma_h.o" "bin.v2/standalone/ac/lzma_h.cpp"

...failed gcc.compile.c++ bin.v2/standalone/ac/gcc-7.4.0/release/link-static/threading-multi/visibility-hidden/lzma_h.o...
...failed updating 1 target...
...found 1 target...
...updating 1 target...
gcc.compile.c++ bin.v2/standalone/ac/gcc-7.4.0/release/link-static/threading-multi/visibility-hidden/zstd_h.o
bin.v2/standalone/ac/zstd_h.cpp:1:10: fatal error: zstd.h: Datei oder Verzeichnis nicht gefunden
 #include <zstd.h>
          ^~~~~~~~
compilation terminated.

    "g++"   -fvisibility-inlines-hidden -m64 -pthread -O3 -finline-functions -Wno-inline -Wall -fvisibility=hidden  -DNDEBUG   -c -o "bin.v2/standalone/ac/gcc-7.4.0/release/link-static/threading-multi/visibility-hidden/zstd_h.o" "bin.v2/standalone/ac/zstd_h.cpp"

...failed gcc.compile.c++ bin.v2/standalone/ac/gcc-7.4.0/release/link-static/threading-multi/visibility-hidden/zstd_h.o...
...failed updating 1 target...
...found 1 target...
...updating 1 target...
config-cache.write bin.v2/project-cache.jam
...updated 1 target...
